Terminals unused in grammar

   T_keyword
   T_return
   T_InputStream
   T_OutputStream
   T_RelationalOperator
   T_LogicalOperator
   T_UnaryOperator
   T_character
   T_whiteSpace


State 80 conflicts: 1 shift/reduce
State 106 conflicts: 1 shift/reduce


Grammar

    0 $accept: Start $end

    1 Start: T_int T_main T_openParenthesis T_closedParanthesis T_openFlowerBracket block_end_flower

    2 block_end_flower: stmt Multiple_stmts
    3                 | T_closedFlowerBracket

    4 block: T_openFlowerBracket block_end_flower
    5      | stmt
    6      | T_Semicolon

    7 Multiple_stmts: stmt Multiple_stmts
    8               | T_closedFlowerBracket

    9 stmt: expr T_Semicolon
   10     | if_stmt
   11     | while_stmt
   12     | for_stmt
   13     | Assignment_stmt T_Semicolon

   14 for_stmt: T_for T_openParenthesis expr_or_empty T_Semicolon expr_or_empty T_Semicolon expr_or_empty T_closedParanthesis block

   15 while_stmt: T_while T_openParenthesis expr T_closedParanthesis block

   16 if_stmt: T_if T_openParenthesis expr T_closedParanthesis block elseif_else_empty

   17 elseif_else_empty: T_else T_if T_openParenthesis expr T_closedParanthesis block elseif_else_empty
   18                  | T_else Multiple_stmts_not_if
   19                  | T_else T_openFlowerBracket block_end_flower
   20                  | %empty

   21 Multiple_stmts_not_if: stmt_without_if Multiple_stmts
   22                      | T_Semicolon

   23 stmt_without_if: expr T_Semicolon
   24                | Assignment_stmt T_Semicolon
   25                | while_stmt
   26                | for_stmt

   27 Assignment_stmt: T_identifier T_AssignmentOperator expr
   28                | T_identifier T_shortHand expr
   29                | T_type T_identifier T_AssignmentOperator expr
   30                | T_int T_identifier T_AssignmentOperator expr

   31 expr: T_numericConstants
   32     | T_stringLiteral
   33     | T_identifier
   34     | expr T_plus expr
   35     | expr T_minus expr
   36     | expr T_divide expr
   37     | expr T_multiply expr
   38     | expr T_mod expr
   39     | expr T_LogicalAnd expr
   40     | expr T_LogicalOr expr
   41     | expr T_less expr
   42     | expr T_less_equal expr
   43     | expr T_greater expr
   44     | expr T_greater_equal expr
   45     | expr T_equal_equal expr
   46     | expr T_not_equal expr

   47 expr_or_empty: expr
   48              | %empty


Terminals, with rules where they appear

$end (0) 0
error (256)
T_keyword (258)
T_int (259) 1 30
T_main (260) 1
T_type (261) 29
T_return (262)
T_for (263) 14
T_if (264) 16 17
T_else (265) 17 18 19
T_while (266) 15
T_InputStream (267)
T_OutputStream (268)
T_openParenthesis (269) 1 14 15 16 17
T_closedParanthesis (270) 1 14 15 16 17
T_openFlowerBracket (271) 1 4 19
T_closedFlowerBracket (272) 3 8
T_RelationalOperator (273)
T_LogicalOperator (274)
T_UnaryOperator (275)
T_AssignmentOperator (276) 27 29 30
T_Semicolon (277) 6 9 13 14 22 23 24
T_identifier (278) 27 28 29 30 33
T_numericConstants (279) 31
T_stringLiteral (280) 32
T_character (281)
T_plus (282) 34
T_minus (283) 35
T_mod (284) 38
T_divide (285) 36
T_multiply (286) 37
T_whiteSpace (287)
T_shortHand (288) 28
T_LogicalAnd (289) 39
T_LogicalOr (290) 40
T_less (291) 41
T_less_equal (292) 42
T_greater (293) 43
T_greater_equal (294) 44
T_equal_equal (295) 45
T_not_equal (296) 46


Nonterminals, with rules where they appear

$accept (42)
    on left: 0
Start (43)
    on left: 1, on right: 0
block_end_flower (44)
    on left: 2 3, on right: 1 4 19
block (45)
    on left: 4 5 6, on right: 14 15 16 17
Multiple_stmts (46)
    on left: 7 8, on right: 2 7 21
stmt (47)
    on left: 9 10 11 12 13, on right: 2 5 7
for_stmt (48)
    on left: 14, on right: 12 26
while_stmt (49)
    on left: 15, on right: 11 25
if_stmt (50)
    on left: 16, on right: 10
elseif_else_empty (51)
    on left: 17 18 19 20, on right: 16 17
Multiple_stmts_not_if (52)
    on left: 21 22, on right: 18
stmt_without_if (53)
    on left: 23 24 25 26, on right: 21
Assignment_stmt (54)
    on left: 27 28 29 30, on right: 13 24
expr (55)
    on left: 31 32 33 34 35 36 37 38 39 40 41 42 43 44 45 46, on right:
    9 15 16 17 23 27 28 29 30 34 35 36 37 38 39 40 41 42 43 44 45 46
    47
expr_or_empty (56)
    on left: 47 48, on right: 14


State 0

    0 $accept: . Start $end

    T_int  shift, and go to state 1

    Start  go to state 2


State 1

    1 Start: T_int . T_main T_openParenthesis T_closedParanthesis T_openFlowerBracket block_end_flower

    T_main  shift, and go to state 3


State 2

    0 $accept: Start . $end

    $end  shift, and go to state 4


State 3

    1 Start: T_int T_main . T_openParenthesis T_closedParanthesis T_openFlowerBracket block_end_flower

    T_openParenthesis  shift, and go to state 5


State 4

    0 $accept: Start $end .

    $default  accept


State 5

    1 Start: T_int T_main T_openParenthesis . T_closedParanthesis T_openFlowerBracket block_end_flower

    T_closedParanthesis  shift, and go to state 6


State 6

    1 Start: T_int T_main T_openParenthesis T_closedParanthesis . T_openFlowerBracket block_end_flower

    T_openFlowerBracket  shift, and go to state 7


State 7

    1 Start: T_int T_main T_openParenthesis T_closedParanthesis T_openFlowerBracket . block_end_flower

    T_int                  shift, and go to state 8
    T_type                 shift, and go to state 9
    T_for                  shift, and go to state 10
    T_if                   shift, and go to state 11
    T_while                shift, and go to state 12
    T_closedFlowerBracket  shift, and go to state 13
    T_identifier           shift, and go to state 14
    T_numericConstants     shift, and go to state 15
    T_stringLiteral        shift, and go to state 16

    block_end_flower  go to state 17
    stmt              go to state 18
    for_stmt          go to state 19
    while_stmt        go to state 20
    if_stmt           go to state 21
    Assignment_stmt   go to state 22
    expr              go to state 23


State 8

   30 Assignment_stmt: T_int . T_identifier T_AssignmentOperator expr

    T_identifier  shift, and go to state 24


State 9

   29 Assignment_stmt: T_type . T_identifier T_AssignmentOperator expr

    T_identifier  shift, and go to state 25


State 10

   14 for_stmt: T_for . T_openParenthesis expr_or_empty T_Semicolon expr_or_empty T_Semicolon expr_or_empty T_closedParanthesis block

    T_openParenthesis  shift, and go to state 26


State 11

   16 if_stmt: T_if . T_openParenthesis expr T_closedParanthesis block elseif_else_empty

    T_openParenthesis  shift, and go to state 27


State 12

   15 while_stmt: T_while . T_openParenthesis expr T_closedParanthesis block

    T_openParenthesis  shift, and go to state 28


State 13

    3 block_end_flower: T_closedFlowerBracket .

    $default  reduce using rule 3 (block_end_flower)


State 14

   27 Assignment_stmt: T_identifier . T_AssignmentOperator expr
   28                | T_identifier . T_shortHand expr
   33 expr: T_identifier .

    T_AssignmentOperator  shift, and go to state 29
    T_shortHand           shift, and go to state 30

    $default  reduce using rule 33 (expr)


State 15

   31 expr: T_numericConstants .

    $default  reduce using rule 31 (expr)


State 16

   32 expr: T_stringLiteral .

    $default  reduce using rule 32 (expr)


State 17

    1 Start: T_int T_main T_openParenthesis T_closedParanthesis T_openFlowerBracket block_end_flower .

    $default  reduce using rule 1 (Start)


State 18

    2 block_end_flower: stmt . Multiple_stmts

    T_int                  shift, and go to state 8
    T_type                 shift, and go to state 9
    T_for                  shift, and go to state 10
    T_if                   shift, and go to state 11
    T_while                shift, and go to state 12
    T_closedFlowerBracket  shift, and go to state 31
    T_identifier           shift, and go to state 14
    T_numericConstants     shift, and go to state 15
    T_stringLiteral        shift, and go to state 16

    Multiple_stmts   go to state 32
    stmt             go to state 33
    for_stmt         go to state 19
    while_stmt       go to state 20
    if_stmt          go to state 21
    Assignment_stmt  go to state 22
    expr             go to state 23


State 19

   12 stmt: for_stmt .

    $default  reduce using rule 12 (stmt)


State 20

   11 stmt: while_stmt .

    $default  reduce using rule 11 (stmt)


State 21

   10 stmt: if_stmt .

    $default  reduce using rule 10 (stmt)


State 22

   13 stmt: Assignment_stmt . T_Semicolon

    T_Semicolon  shift, and go to state 34


State 23

    9 stmt: expr . T_Semicolon
   34 expr: expr . T_plus expr
   35     | expr . T_minus expr
   36     | expr . T_divide expr
   37     | expr . T_multiply expr
   38     | expr . T_mod expr
   39     | expr . T_LogicalAnd expr
   40     | expr . T_LogicalOr expr
   41     | expr . T_less expr
   42     | expr . T_less_equal expr
   43     | expr . T_greater expr
   44     | expr . T_greater_equal expr
   45     | expr . T_equal_equal expr
   46     | expr . T_not_equal expr

    T_Semicolon      shift, and go to state 35
    T_plus           shift, and go to state 36
    T_minus          shift, and go to state 37
    T_mod            shift, and go to state 38
    T_divide         shift, and go to state 39
    T_multiply       shift, and go to state 40
    T_LogicalAnd     shift, and go to state 41
    T_LogicalOr      shift, and go to state 42
    T_less           shift, and go to state 43
    T_less_equal     shift, and go to state 44
    T_greater        shift, and go to state 45
    T_greater_equal  shift, and go to state 46
    T_equal_equal    shift, and go to state 47
    T_not_equal      shift, and go to state 48


State 24

   30 Assignment_stmt: T_int T_identifier . T_AssignmentOperator expr

    T_AssignmentOperator  shift, and go to state 49


State 25

   29 Assignment_stmt: T_type T_identifier . T_AssignmentOperator expr

    T_AssignmentOperator  shift, and go to state 50


State 26

   14 for_stmt: T_for T_openParenthesis . expr_or_empty T_Semicolon expr_or_empty T_Semicolon expr_or_empty T_closedParanthesis block

    T_identifier        shift, and go to state 51
    T_numericConstants  shift, and go to state 15
    T_stringLiteral     shift, and go to state 16

    $default  reduce using rule 48 (expr_or_empty)

    expr           go to state 52
    expr_or_empty  go to state 53


State 27

   16 if_stmt: T_if T_openParenthesis . expr T_closedParanthesis block elseif_else_empty

    T_identifier        shift, and go to state 51
    T_numericConstants  shift, and go to state 15
    T_stringLiteral     shift, and go to state 16

    expr  go to state 54


State 28

   15 while_stmt: T_while T_openParenthesis . expr T_closedParanthesis block

    T_identifier        shift, and go to state 51
    T_numericConstants  shift, and go to state 15
    T_stringLiteral     shift, and go to state 16

    expr  go to state 55


State 29

   27 Assignment_stmt: T_identifier T_AssignmentOperator . expr

    T_identifier        shift, and go to state 51
    T_numericConstants  shift, and go to state 15
    T_stringLiteral     shift, and go to state 16

    expr  go to state 56


State 30

   28 Assignment_stmt: T_identifier T_shortHand . expr

    T_identifier        shift, and go to state 51
    T_numericConstants  shift, and go to state 15
    T_stringLiteral     shift, and go to state 16

    expr  go to state 57


State 31

    8 Multiple_stmts: T_closedFlowerBracket .

    $default  reduce using rule 8 (Multiple_stmts)


State 32

    2 block_end_flower: stmt Multiple_stmts .

    $default  reduce using rule 2 (block_end_flower)


State 33

    7 Multiple_stmts: stmt . Multiple_stmts

    T_int                  shift, and go to state 8
    T_type                 shift, and go to state 9
    T_for                  shift, and go to state 10
    T_if                   shift, and go to state 11
    T_while                shift, and go to state 12
    T_closedFlowerBracket  shift, and go to state 31
    T_identifier           shift, and go to state 14
    T_numericConstants     shift, and go to state 15
    T_stringLiteral        shift, and go to state 16

    Multiple_stmts   go to state 58
    stmt             go to state 33
    for_stmt         go to state 19
    while_stmt       go to state 20
    if_stmt          go to state 21
    Assignment_stmt  go to state 22
    expr             go to state 23


State 34

   13 stmt: Assignment_stmt T_Semicolon .

    $default  reduce using rule 13 (stmt)


State 35

    9 stmt: expr T_Semicolon .

    $default  reduce using rule 9 (stmt)


State 36

   34 expr: expr T_plus . expr

    T_identifier        shift, and go to state 51
    T_numericConstants  shift, and go to state 15
    T_stringLiteral     shift, and go to state 16

    expr  go to state 59


State 37

   35 expr: expr T_minus . expr

    T_identifier        shift, and go to state 51
    T_numericConstants  shift, and go to state 15
    T_stringLiteral     shift, and go to state 16

    expr  go to state 60


State 38

   38 expr: expr T_mod . expr

    T_identifier        shift, and go to state 51
    T_numericConstants  shift, and go to state 15
    T_stringLiteral     shift, and go to state 16

    expr  go to state 61


State 39

   36 expr: expr T_divide . expr

    T_identifier        shift, and go to state 51
    T_numericConstants  shift, and go to state 15
    T_stringLiteral     shift, and go to state 16

    expr  go to state 62


State 40

   37 expr: expr T_multiply . expr

    T_identifier        shift, and go to state 51
    T_numericConstants  shift, and go to state 15
    T_stringLiteral     shift, and go to state 16

    expr  go to state 63


State 41

   39 expr: expr T_LogicalAnd . expr

    T_identifier        shift, and go to state 51
    T_numericConstants  shift, and go to state 15
    T_stringLiteral     shift, and go to state 16

    expr  go to state 64


State 42

   40 expr: expr T_LogicalOr . expr

    T_identifier        shift, and go to state 51
    T_numericConstants  shift, and go to state 15
    T_stringLiteral     shift, and go to state 16

    expr  go to state 65


State 43

   41 expr: expr T_less . expr

    T_identifier        shift, and go to state 51
    T_numericConstants  shift, and go to state 15
    T_stringLiteral     shift, and go to state 16

    expr  go to state 66


State 44

   42 expr: expr T_less_equal . expr

    T_identifier        shift, and go to state 51
    T_numericConstants  shift, and go to state 15
    T_stringLiteral     shift, and go to state 16

    expr  go to state 67


State 45

   43 expr: expr T_greater . expr

    T_identifier        shift, and go to state 51
    T_numericConstants  shift, and go to state 15
    T_stringLiteral     shift, and go to state 16

    expr  go to state 68


State 46

   44 expr: expr T_greater_equal . expr

    T_identifier        shift, and go to state 51
    T_numericConstants  shift, and go to state 15
    T_stringLiteral     shift, and go to state 16

    expr  go to state 69


State 47

   45 expr: expr T_equal_equal . expr

    T_identifier        shift, and go to state 51
    T_numericConstants  shift, and go to state 15
    T_stringLiteral     shift, and go to state 16

    expr  go to state 70


State 48

   46 expr: expr T_not_equal . expr

    T_identifier        shift, and go to state 51
    T_numericConstants  shift, and go to state 15
    T_stringLiteral     shift, and go to state 16

    expr  go to state 71


State 49

   30 Assignment_stmt: T_int T_identifier T_AssignmentOperator . expr

    T_identifier        shift, and go to state 51
    T_numericConstants  shift, and go to state 15
    T_stringLiteral     shift, and go to state 16

    expr  go to state 72


State 50

   29 Assignment_stmt: T_type T_identifier T_AssignmentOperator . expr

    T_identifier        shift, and go to state 51
    T_numericConstants  shift, and go to state 15
    T_stringLiteral     shift, and go to state 16

    expr  go to state 73


State 51

   33 expr: T_identifier .

    $default  reduce using rule 33 (expr)


State 52

   34 expr: expr . T_plus expr
   35     | expr . T_minus expr
   36     | expr . T_divide expr
   37     | expr . T_multiply expr
   38     | expr . T_mod expr
   39     | expr . T_LogicalAnd expr
   40     | expr . T_LogicalOr expr
   41     | expr . T_less expr
   42     | expr . T_less_equal expr
   43     | expr . T_greater expr
   44     | expr . T_greater_equal expr
   45     | expr . T_equal_equal expr
   46     | expr . T_not_equal expr
   47 expr_or_empty: expr .

    T_plus           shift, and go to state 36
    T_minus          shift, and go to state 37
    T_mod            shift, and go to state 38
    T_divide         shift, and go to state 39
    T_multiply       shift, and go to state 40
    T_LogicalAnd     shift, and go to state 41
    T_LogicalOr      shift, and go to state 42
    T_less           shift, and go to state 43
    T_less_equal     shift, and go to state 44
    T_greater        shift, and go to state 45
    T_greater_equal  shift, and go to state 46
    T_equal_equal    shift, and go to state 47
    T_not_equal      shift, and go to state 48

    $default  reduce using rule 47 (expr_or_empty)


State 53

   14 for_stmt: T_for T_openParenthesis expr_or_empty . T_Semicolon expr_or_empty T_Semicolon expr_or_empty T_closedParanthesis block

    T_Semicolon  shift, and go to state 74


State 54

   16 if_stmt: T_if T_openParenthesis expr . T_closedParanthesis block elseif_else_empty
   34 expr: expr . T_plus expr
   35     | expr . T_minus expr
   36     | expr . T_divide expr
   37     | expr . T_multiply expr
   38     | expr . T_mod expr
   39     | expr . T_LogicalAnd expr
   40     | expr . T_LogicalOr expr
   41     | expr . T_less expr
   42     | expr . T_less_equal expr
   43     | expr . T_greater expr
   44     | expr . T_greater_equal expr
   45     | expr . T_equal_equal expr
   46     | expr . T_not_equal expr

    T_closedParanthesis  shift, and go to state 75
    T_plus               shift, and go to state 36
    T_minus              shift, and go to state 37
    T_mod                shift, and go to state 38
    T_divide             shift, and go to state 39
    T_multiply           shift, and go to state 40
    T_LogicalAnd         shift, and go to state 41
    T_LogicalOr          shift, and go to state 42
    T_less               shift, and go to state 43
    T_less_equal         shift, and go to state 44
    T_greater            shift, and go to state 45
    T_greater_equal      shift, and go to state 46
    T_equal_equal        shift, and go to state 47
    T_not_equal          shift, and go to state 48


State 55

   15 while_stmt: T_while T_openParenthesis expr . T_closedParanthesis block
   34 expr: expr . T_plus expr
   35     | expr . T_minus expr
   36     | expr . T_divide expr
   37     | expr . T_multiply expr
   38     | expr . T_mod expr
   39     | expr . T_LogicalAnd expr
   40     | expr . T_LogicalOr expr
   41     | expr . T_less expr
   42     | expr . T_less_equal expr
   43     | expr . T_greater expr
   44     | expr . T_greater_equal expr
   45     | expr . T_equal_equal expr
   46     | expr . T_not_equal expr

    T_closedParanthesis  shift, and go to state 76
    T_plus               shift, and go to state 36
    T_minus              shift, and go to state 37
    T_mod                shift, and go to state 38
    T_divide             shift, and go to state 39
    T_multiply           shift, and go to state 40
    T_LogicalAnd         shift, and go to state 41
    T_LogicalOr          shift, and go to state 42
    T_less               shift, and go to state 43
    T_less_equal         shift, and go to state 44
    T_greater            shift, and go to state 45
    T_greater_equal      shift, and go to state 46
    T_equal_equal        shift, and go to state 47
    T_not_equal          shift, and go to state 48


State 56

   27 Assignment_stmt: T_identifier T_AssignmentOperator expr .
   34 expr: expr . T_plus expr
   35     | expr . T_minus expr
   36     | expr . T_divide expr
   37     | expr . T_multiply expr
   38     | expr . T_mod expr
   39     | expr . T_LogicalAnd expr
   40     | expr . T_LogicalOr expr
   41     | expr . T_less expr
   42     | expr . T_less_equal expr
   43     | expr . T_greater expr
   44     | expr . T_greater_equal expr
   45     | expr . T_equal_equal expr
   46     | expr . T_not_equal expr

    T_plus           shift, and go to state 36
    T_minus          shift, and go to state 37
    T_mod            shift, and go to state 38
    T_divide         shift, and go to state 39
    T_multiply       shift, and go to state 40
    T_LogicalAnd     shift, and go to state 41
    T_LogicalOr      shift, and go to state 42
    T_less           shift, and go to state 43
    T_less_equal     shift, and go to state 44
    T_greater        shift, and go to state 45
    T_greater_equal  shift, and go to state 46
    T_equal_equal    shift, and go to state 47
    T_not_equal      shift, and go to state 48

    $default  reduce using rule 27 (Assignment_stmt)


State 57

   28 Assignment_stmt: T_identifier T_shortHand expr .
   34 expr: expr . T_plus expr
   35     | expr . T_minus expr
   36     | expr . T_divide expr
   37     | expr . T_multiply expr
   38     | expr . T_mod expr
   39     | expr . T_LogicalAnd expr
   40     | expr . T_LogicalOr expr
   41     | expr . T_less expr
   42     | expr . T_less_equal expr
   43     | expr . T_greater expr
   44     | expr . T_greater_equal expr
   45     | expr . T_equal_equal expr
   46     | expr . T_not_equal expr

    T_plus           shift, and go to state 36
    T_minus          shift, and go to state 37
    T_mod            shift, and go to state 38
    T_divide         shift, and go to state 39
    T_multiply       shift, and go to state 40
    T_LogicalAnd     shift, and go to state 41
    T_LogicalOr      shift, and go to state 42
    T_less           shift, and go to state 43
    T_less_equal     shift, and go to state 44
    T_greater        shift, and go to state 45
    T_greater_equal  shift, and go to state 46
    T_equal_equal    shift, and go to state 47
    T_not_equal      shift, and go to state 48

    $default  reduce using rule 28 (Assignment_stmt)


State 58

    7 Multiple_stmts: stmt Multiple_stmts .

    $default  reduce using rule 7 (Multiple_stmts)


State 59

   34 expr: expr . T_plus expr
   34     | expr T_plus expr .
   35     | expr . T_minus expr
   36     | expr . T_divide expr
   37     | expr . T_multiply expr
   38     | expr . T_mod expr
   39     | expr . T_LogicalAnd expr
   40     | expr . T_LogicalOr expr
   41     | expr . T_less expr
   42     | expr . T_less_equal expr
   43     | expr . T_greater expr
   44     | expr . T_greater_equal expr
   45     | expr . T_equal_equal expr
   46     | expr . T_not_equal expr

    T_mod       shift, and go to state 38
    T_divide    shift, and go to state 39
    T_multiply  shift, and go to state 40

    $default  reduce using rule 34 (expr)


State 60

   34 expr: expr . T_plus expr
   35     | expr . T_minus expr
   35     | expr T_minus expr .
   36     | expr . T_divide expr
   37     | expr . T_multiply expr
   38     | expr . T_mod expr
   39     | expr . T_LogicalAnd expr
   40     | expr . T_LogicalOr expr
   41     | expr . T_less expr
   42     | expr . T_less_equal expr
   43     | expr . T_greater expr
   44     | expr . T_greater_equal expr
   45     | expr . T_equal_equal expr
   46     | expr . T_not_equal expr

    T_mod       shift, and go to state 38
    T_divide    shift, and go to state 39
    T_multiply  shift, and go to state 40

    $default  reduce using rule 35 (expr)


State 61

   34 expr: expr . T_plus expr
   35     | expr . T_minus expr
   36     | expr . T_divide expr
   37     | expr . T_multiply expr
   38     | expr . T_mod expr
   38     | expr T_mod expr .
   39     | expr . T_LogicalAnd expr
   40     | expr . T_LogicalOr expr
   41     | expr . T_less expr
   42     | expr . T_less_equal expr
   43     | expr . T_greater expr
   44     | expr . T_greater_equal expr
   45     | expr . T_equal_equal expr
   46     | expr . T_not_equal expr

    $default  reduce using rule 38 (expr)


State 62

   34 expr: expr . T_plus expr
   35     | expr . T_minus expr
   36     | expr . T_divide expr
   36     | expr T_divide expr .
   37     | expr . T_multiply expr
   38     | expr . T_mod expr
   39     | expr . T_LogicalAnd expr
   40     | expr . T_LogicalOr expr
   41     | expr . T_less expr
   42     | expr . T_less_equal expr
   43     | expr . T_greater expr
   44     | expr . T_greater_equal expr
   45     | expr . T_equal_equal expr
   46     | expr . T_not_equal expr

    $default  reduce using rule 36 (expr)


State 63

   34 expr: expr . T_plus expr
   35     | expr . T_minus expr
   36     | expr . T_divide expr
   37     | expr . T_multiply expr
   37     | expr T_multiply expr .
   38     | expr . T_mod expr
   39     | expr . T_LogicalAnd expr
   40     | expr . T_LogicalOr expr
   41     | expr . T_less expr
   42     | expr . T_less_equal expr
   43     | expr . T_greater expr
   44     | expr . T_greater_equal expr
   45     | expr . T_equal_equal expr
   46     | expr . T_not_equal expr

    $default  reduce using rule 37 (expr)


State 64

   34 expr: expr . T_plus expr
   35     | expr . T_minus expr
   36     | expr . T_divide expr
   37     | expr . T_multiply expr
   38     | expr . T_mod expr
   39     | expr . T_LogicalAnd expr
   39     | expr T_LogicalAnd expr .
   40     | expr . T_LogicalOr expr
   41     | expr . T_less expr
   42     | expr . T_less_equal expr
   43     | expr . T_greater expr
   44     | expr . T_greater_equal expr
   45     | expr . T_equal_equal expr
   46     | expr . T_not_equal expr

    T_plus           shift, and go to state 36
    T_minus          shift, and go to state 37
    T_mod            shift, and go to state 38
    T_divide         shift, and go to state 39
    T_multiply       shift, and go to state 40
    T_less           shift, and go to state 43
    T_less_equal     shift, and go to state 44
    T_greater        shift, and go to state 45
    T_greater_equal  shift, and go to state 46
    T_equal_equal    shift, and go to state 47
    T_not_equal      shift, and go to state 48

    $default  reduce using rule 39 (expr)


State 65

   34 expr: expr . T_plus expr
   35     | expr . T_minus expr
   36     | expr . T_divide expr
   37     | expr . T_multiply expr
   38     | expr . T_mod expr
   39     | expr . T_LogicalAnd expr
   40     | expr . T_LogicalOr expr
   40     | expr T_LogicalOr expr .
   41     | expr . T_less expr
   42     | expr . T_less_equal expr
   43     | expr . T_greater expr
   44     | expr . T_greater_equal expr
   45     | expr . T_equal_equal expr
   46     | expr . T_not_equal expr

    T_plus           shift, and go to state 36
    T_minus          shift, and go to state 37
    T_mod            shift, and go to state 38
    T_divide         shift, and go to state 39
    T_multiply       shift, and go to state 40
    T_less           shift, and go to state 43
    T_less_equal     shift, and go to state 44
    T_greater        shift, and go to state 45
    T_greater_equal  shift, and go to state 46
    T_equal_equal    shift, and go to state 47
    T_not_equal      shift, and go to state 48

    $default  reduce using rule 40 (expr)


State 66

   34 expr: expr . T_plus expr
   35     | expr . T_minus expr
   36     | expr . T_divide expr
   37     | expr . T_multiply expr
   38     | expr . T_mod expr
   39     | expr . T_LogicalAnd expr
   40     | expr . T_LogicalOr expr
   41     | expr . T_less expr
   41     | expr T_less expr .
   42     | expr . T_less_equal expr
   43     | expr . T_greater expr
   44     | expr . T_greater_equal expr
   45     | expr . T_equal_equal expr
   46     | expr . T_not_equal expr

    T_plus      shift, and go to state 36
    T_minus     shift, and go to state 37
    T_mod       shift, and go to state 38
    T_divide    shift, and go to state 39
    T_multiply  shift, and go to state 40

    $default  reduce using rule 41 (expr)


State 67

   34 expr: expr . T_plus expr
   35     | expr . T_minus expr
   36     | expr . T_divide expr
   37     | expr . T_multiply expr
   38     | expr . T_mod expr
   39     | expr . T_LogicalAnd expr
   40     | expr . T_LogicalOr expr
   41     | expr . T_less expr
   42     | expr . T_less_equal expr
   42     | expr T_less_equal expr .
   43     | expr . T_greater expr
   44     | expr . T_greater_equal expr
   45     | expr . T_equal_equal expr
   46     | expr . T_not_equal expr

    T_plus      shift, and go to state 36
    T_minus     shift, and go to state 37
    T_mod       shift, and go to state 38
    T_divide    shift, and go to state 39
    T_multiply  shift, and go to state 40

    $default  reduce using rule 42 (expr)


State 68

   34 expr: expr . T_plus expr
   35     | expr . T_minus expr
   36     | expr . T_divide expr
   37     | expr . T_multiply expr
   38     | expr . T_mod expr
   39     | expr . T_LogicalAnd expr
   40     | expr . T_LogicalOr expr
   41     | expr . T_less expr
   42     | expr . T_less_equal expr
   43     | expr . T_greater expr
   43     | expr T_greater expr .
   44     | expr . T_greater_equal expr
   45     | expr . T_equal_equal expr
   46     | expr . T_not_equal expr

    T_plus      shift, and go to state 36
    T_minus     shift, and go to state 37
    T_mod       shift, and go to state 38
    T_divide    shift, and go to state 39
    T_multiply  shift, and go to state 40

    $default  reduce using rule 43 (expr)


State 69

   34 expr: expr . T_plus expr
   35     | expr . T_minus expr
   36     | expr . T_divide expr
   37     | expr . T_multiply expr
   38     | expr . T_mod expr
   39     | expr . T_LogicalAnd expr
   40     | expr . T_LogicalOr expr
   41     | expr . T_less expr
   42     | expr . T_less_equal expr
   43     | expr . T_greater expr
   44     | expr . T_greater_equal expr
   44     | expr T_greater_equal expr .
   45     | expr . T_equal_equal expr
   46     | expr . T_not_equal expr

    T_plus      shift, and go to state 36
    T_minus     shift, and go to state 37
    T_mod       shift, and go to state 38
    T_divide    shift, and go to state 39
    T_multiply  shift, and go to state 40

    $default  reduce using rule 44 (expr)


State 70

   34 expr: expr . T_plus expr
   35     | expr . T_minus expr
   36     | expr . T_divide expr
   37     | expr . T_multiply expr
   38     | expr . T_mod expr
   39     | expr . T_LogicalAnd expr
   40     | expr . T_LogicalOr expr
   41     | expr . T_less expr
   42     | expr . T_less_equal expr
   43     | expr . T_greater expr
   44     | expr . T_greater_equal expr
   45     | expr . T_equal_equal expr
   45     | expr T_equal_equal expr .
   46     | expr . T_not_equal expr

    T_plus      shift, and go to state 36
    T_minus     shift, and go to state 37
    T_mod       shift, and go to state 38
    T_divide    shift, and go to state 39
    T_multiply  shift, and go to state 40

    $default  reduce using rule 45 (expr)


State 71

   34 expr: expr . T_plus expr
   35     | expr . T_minus expr
   36     | expr . T_divide expr
   37     | expr . T_multiply expr
   38     | expr . T_mod expr
   39     | expr . T_LogicalAnd expr
   40     | expr . T_LogicalOr expr
   41     | expr . T_less expr
   42     | expr . T_less_equal expr
   43     | expr . T_greater expr
   44     | expr . T_greater_equal expr
   45     | expr . T_equal_equal expr
   46     | expr . T_not_equal expr
   46     | expr T_not_equal expr .

    T_plus      shift, and go to state 36
    T_minus     shift, and go to state 37
    T_mod       shift, and go to state 38
    T_divide    shift, and go to state 39
    T_multiply  shift, and go to state 40

    $default  reduce using rule 46 (expr)


State 72

   30 Assignment_stmt: T_int T_identifier T_AssignmentOperator expr .
   34 expr: expr . T_plus expr
   35     | expr . T_minus expr
   36     | expr . T_divide expr
   37     | expr . T_multiply expr
   38     | expr . T_mod expr
   39     | expr . T_LogicalAnd expr
   40     | expr . T_LogicalOr expr
   41     | expr . T_less expr
   42     | expr . T_less_equal expr
   43     | expr . T_greater expr
   44     | expr . T_greater_equal expr
   45     | expr . T_equal_equal expr
   46     | expr . T_not_equal expr

    T_plus           shift, and go to state 36
    T_minus          shift, and go to state 37
    T_mod            shift, and go to state 38
    T_divide         shift, and go to state 39
    T_multiply       shift, and go to state 40
    T_LogicalAnd     shift, and go to state 41
    T_LogicalOr      shift, and go to state 42
    T_less           shift, and go to state 43
    T_less_equal     shift, and go to state 44
    T_greater        shift, and go to state 45
    T_greater_equal  shift, and go to state 46
    T_equal_equal    shift, and go to state 47
    T_not_equal      shift, and go to state 48

    $default  reduce using rule 30 (Assignment_stmt)


State 73

   29 Assignment_stmt: T_type T_identifier T_AssignmentOperator expr .
   34 expr: expr . T_plus expr
   35     | expr . T_minus expr
   36     | expr . T_divide expr
   37     | expr . T_multiply expr
   38     | expr . T_mod expr
   39     | expr . T_LogicalAnd expr
   40     | expr . T_LogicalOr expr
   41     | expr . T_less expr
   42     | expr . T_less_equal expr
   43     | expr . T_greater expr
   44     | expr . T_greater_equal expr
   45     | expr . T_equal_equal expr
   46     | expr . T_not_equal expr

    T_plus           shift, and go to state 36
    T_minus          shift, and go to state 37
    T_mod            shift, and go to state 38
    T_divide         shift, and go to state 39
    T_multiply       shift, and go to state 40
    T_LogicalAnd     shift, and go to state 41
    T_LogicalOr      shift, and go to state 42
    T_less           shift, and go to state 43
    T_less_equal     shift, and go to state 44
    T_greater        shift, and go to state 45
    T_greater_equal  shift, and go to state 46
    T_equal_equal    shift, and go to state 47
    T_not_equal      shift, and go to state 48

    $default  reduce using rule 29 (Assignment_stmt)


State 74

   14 for_stmt: T_for T_openParenthesis expr_or_empty T_Semicolon . expr_or_empty T_Semicolon expr_or_empty T_closedParanthesis block

    T_identifier        shift, and go to state 51
    T_numericConstants  shift, and go to state 15
    T_stringLiteral     shift, and go to state 16

    $default  reduce using rule 48 (expr_or_empty)

    expr           go to state 52
    expr_or_empty  go to state 77


State 75

   16 if_stmt: T_if T_openParenthesis expr T_closedParanthesis . block elseif_else_empty

    T_int                shift, and go to state 8
    T_type               shift, and go to state 9
    T_for                shift, and go to state 10
    T_if                 shift, and go to state 11
    T_while              shift, and go to state 12
    T_openFlowerBracket  shift, and go to state 78
    T_Semicolon          shift, and go to state 79
    T_identifier         shift, and go to state 14
    T_numericConstants   shift, and go to state 15
    T_stringLiteral      shift, and go to state 16

    block            go to state 80
    stmt             go to state 81
    for_stmt         go to state 19
    while_stmt       go to state 20
    if_stmt          go to state 21
    Assignment_stmt  go to state 22
    expr             go to state 23


State 76

   15 while_stmt: T_while T_openParenthesis expr T_closedParanthesis . block

    T_int                shift, and go to state 8
    T_type               shift, and go to state 9
    T_for                shift, and go to state 10
    T_if                 shift, and go to state 11
    T_while              shift, and go to state 12
    T_openFlowerBracket  shift, and go to state 78
    T_Semicolon          shift, and go to state 79
    T_identifier         shift, and go to state 14
    T_numericConstants   shift, and go to state 15
    T_stringLiteral      shift, and go to state 16

    block            go to state 82
    stmt             go to state 81
    for_stmt         go to state 19
    while_stmt       go to state 20
    if_stmt          go to state 21
    Assignment_stmt  go to state 22
    expr             go to state 23


State 77

   14 for_stmt: T_for T_openParenthesis expr_or_empty T_Semicolon expr_or_empty . T_Semicolon expr_or_empty T_closedParanthesis block

    T_Semicolon  shift, and go to state 83


State 78

    4 block: T_openFlowerBracket . block_end_flower

    T_int                  shift, and go to state 8
    T_type                 shift, and go to state 9
    T_for                  shift, and go to state 10
    T_if                   shift, and go to state 11
    T_while                shift, and go to state 12
    T_closedFlowerBracket  shift, and go to state 13
    T_identifier           shift, and go to state 14
    T_numericConstants     shift, and go to state 15
    T_stringLiteral        shift, and go to state 16

    block_end_flower  go to state 84
    stmt              go to state 18
    for_stmt          go to state 19
    while_stmt        go to state 20
    if_stmt           go to state 21
    Assignment_stmt   go to state 22
    expr              go to state 23


State 79

    6 block: T_Semicolon .

    $default  reduce using rule 6 (block)


State 80

   16 if_stmt: T_if T_openParenthesis expr T_closedParanthesis block . elseif_else_empty

    T_else  shift, and go to state 85

    T_else    [reduce using rule 20 (elseif_else_empty)]
    $default  reduce using rule 20 (elseif_else_empty)

    elseif_else_empty  go to state 86


State 81

    5 block: stmt .

    $default  reduce using rule 5 (block)


State 82

   15 while_stmt: T_while T_openParenthesis expr T_closedParanthesis block .

    $default  reduce using rule 15 (while_stmt)


State 83

   14 for_stmt: T_for T_openParenthesis expr_or_empty T_Semicolon expr_or_empty T_Semicolon . expr_or_empty T_closedParanthesis block

    T_identifier        shift, and go to state 51
    T_numericConstants  shift, and go to state 15
    T_stringLiteral     shift, and go to state 16

    $default  reduce using rule 48 (expr_or_empty)

    expr           go to state 52
    expr_or_empty  go to state 87


State 84

    4 block: T_openFlowerBracket block_end_flower .

    $default  reduce using rule 4 (block)


State 85

   17 elseif_else_empty: T_else . T_if T_openParenthesis expr T_closedParanthesis block elseif_else_empty
   18                  | T_else . Multiple_stmts_not_if
   19                  | T_else . T_openFlowerBracket block_end_flower

    T_int                shift, and go to state 8
    T_type               shift, and go to state 9
    T_for                shift, and go to state 10
    T_if                 shift, and go to state 88
    T_while              shift, and go to state 12
    T_openFlowerBracket  shift, and go to state 89
    T_Semicolon          shift, and go to state 90
    T_identifier         shift, and go to state 14
    T_numericConstants   shift, and go to state 15
    T_stringLiteral      shift, and go to state 16

    for_stmt               go to state 91
    while_stmt             go to state 92
    Multiple_stmts_not_if  go to state 93
    stmt_without_if        go to state 94
    Assignment_stmt        go to state 95
    expr                   go to state 96


State 86

   16 if_stmt: T_if T_openParenthesis expr T_closedParanthesis block elseif_else_empty .

    $default  reduce using rule 16 (if_stmt)


State 87

   14 for_stmt: T_for T_openParenthesis expr_or_empty T_Semicolon expr_or_empty T_Semicolon expr_or_empty . T_closedParanthesis block

    T_closedParanthesis  shift, and go to state 97


State 88

   17 elseif_else_empty: T_else T_if . T_openParenthesis expr T_closedParanthesis block elseif_else_empty

    T_openParenthesis  shift, and go to state 98


State 89

   19 elseif_else_empty: T_else T_openFlowerBracket . block_end_flower

    T_int                  shift, and go to state 8
    T_type                 shift, and go to state 9
    T_for                  shift, and go to state 10
    T_if                   shift, and go to state 11
    T_while                shift, and go to state 12
    T_closedFlowerBracket  shift, and go to state 13
    T_identifier           shift, and go to state 14
    T_numericConstants     shift, and go to state 15
    T_stringLiteral        shift, and go to state 16

    block_end_flower  go to state 99
    stmt              go to state 18
    for_stmt          go to state 19
    while_stmt        go to state 20
    if_stmt           go to state 21
    Assignment_stmt   go to state 22
    expr              go to state 23


State 90

   22 Multiple_stmts_not_if: T_Semicolon .

    $default  reduce using rule 22 (Multiple_stmts_not_if)


State 91

   26 stmt_without_if: for_stmt .

    $default  reduce using rule 26 (stmt_without_if)


State 92

   25 stmt_without_if: while_stmt .

    $default  reduce using rule 25 (stmt_without_if)


State 93

   18 elseif_else_empty: T_else Multiple_stmts_not_if .

    $default  reduce using rule 18 (elseif_else_empty)


State 94

   21 Multiple_stmts_not_if: stmt_without_if . Multiple_stmts

    T_int                  shift, and go to state 8
    T_type                 shift, and go to state 9
    T_for                  shift, and go to state 10
    T_if                   shift, and go to state 11
    T_while                shift, and go to state 12
    T_closedFlowerBracket  shift, and go to state 31
    T_identifier           shift, and go to state 14
    T_numericConstants     shift, and go to state 15
    T_stringLiteral        shift, and go to state 16

    Multiple_stmts   go to state 100
    stmt             go to state 33
    for_stmt         go to state 19
    while_stmt       go to state 20
    if_stmt          go to state 21
    Assignment_stmt  go to state 22
    expr             go to state 23


State 95

   24 stmt_without_if: Assignment_stmt . T_Semicolon

    T_Semicolon  shift, and go to state 101


State 96

   23 stmt_without_if: expr . T_Semicolon
   34 expr: expr . T_plus expr
   35     | expr . T_minus expr
   36     | expr . T_divide expr
   37     | expr . T_multiply expr
   38     | expr . T_mod expr
   39     | expr . T_LogicalAnd expr
   40     | expr . T_LogicalOr expr
   41     | expr . T_less expr
   42     | expr . T_less_equal expr
   43     | expr . T_greater expr
   44     | expr . T_greater_equal expr
   45     | expr . T_equal_equal expr
   46     | expr . T_not_equal expr

    T_Semicolon      shift, and go to state 102
    T_plus           shift, and go to state 36
    T_minus          shift, and go to state 37
    T_mod            shift, and go to state 38
    T_divide         shift, and go to state 39
    T_multiply       shift, and go to state 40
    T_LogicalAnd     shift, and go to state 41
    T_LogicalOr      shift, and go to state 42
    T_less           shift, and go to state 43
    T_less_equal     shift, and go to state 44
    T_greater        shift, and go to state 45
    T_greater_equal  shift, and go to state 46
    T_equal_equal    shift, and go to state 47
    T_not_equal      shift, and go to state 48


State 97

   14 for_stmt: T_for T_openParenthesis expr_or_empty T_Semicolon expr_or_empty T_Semicolon expr_or_empty T_closedParanthesis . block

    T_int                shift, and go to state 8
    T_type               shift, and go to state 9
    T_for                shift, and go to state 10
    T_if                 shift, and go to state 11
    T_while              shift, and go to state 12
    T_openFlowerBracket  shift, and go to state 78
    T_Semicolon          shift, and go to state 79
    T_identifier         shift, and go to state 14
    T_numericConstants   shift, and go to state 15
    T_stringLiteral      shift, and go to state 16

    block            go to state 103
    stmt             go to state 81
    for_stmt         go to state 19
    while_stmt       go to state 20
    if_stmt          go to state 21
    Assignment_stmt  go to state 22
    expr             go to state 23


State 98

   17 elseif_else_empty: T_else T_if T_openParenthesis . expr T_closedParanthesis block elseif_else_empty

    T_identifier        shift, and go to state 51
    T_numericConstants  shift, and go to state 15
    T_stringLiteral     shift, and go to state 16

    expr  go to state 104


State 99

   19 elseif_else_empty: T_else T_openFlowerBracket block_end_flower .

    $default  reduce using rule 19 (elseif_else_empty)


State 100

   21 Multiple_stmts_not_if: stmt_without_if Multiple_stmts .

    $default  reduce using rule 21 (Multiple_stmts_not_if)


State 101

   24 stmt_without_if: Assignment_stmt T_Semicolon .

    $default  reduce using rule 24 (stmt_without_if)


State 102

   23 stmt_without_if: expr T_Semicolon .

    $default  reduce using rule 23 (stmt_without_if)


State 103

   14 for_stmt: T_for T_openParenthesis expr_or_empty T_Semicolon expr_or_empty T_Semicolon expr_or_empty T_closedParanthesis block .

    $default  reduce using rule 14 (for_stmt)


State 104

   17 elseif_else_empty: T_else T_if T_openParenthesis expr . T_closedParanthesis block elseif_else_empty
   34 expr: expr . T_plus expr
   35     | expr . T_minus expr
   36     | expr . T_divide expr
   37     | expr . T_multiply expr
   38     | expr . T_mod expr
   39     | expr . T_LogicalAnd expr
   40     | expr . T_LogicalOr expr
   41     | expr . T_less expr
   42     | expr . T_less_equal expr
   43     | expr . T_greater expr
   44     | expr . T_greater_equal expr
   45     | expr . T_equal_equal expr
   46     | expr . T_not_equal expr

    T_closedParanthesis  shift, and go to state 105
    T_plus               shift, and go to state 36
    T_minus              shift, and go to state 37
    T_mod                shift, and go to state 38
    T_divide             shift, and go to state 39
    T_multiply           shift, and go to state 40
    T_LogicalAnd         shift, and go to state 41
    T_LogicalOr          shift, and go to state 42
    T_less               shift, and go to state 43
    T_less_equal         shift, and go to state 44
    T_greater            shift, and go to state 45
    T_greater_equal      shift, and go to state 46
    T_equal_equal        shift, and go to state 47
    T_not_equal          shift, and go to state 48


State 105

   17 elseif_else_empty: T_else T_if T_openParenthesis expr T_closedParanthesis . block elseif_else_empty

    T_int                shift, and go to state 8
    T_type               shift, and go to state 9
    T_for                shift, and go to state 10
    T_if                 shift, and go to state 11
    T_while              shift, and go to state 12
    T_openFlowerBracket  shift, and go to state 78
    T_Semicolon          shift, and go to state 79
    T_identifier         shift, and go to state 14
    T_numericConstants   shift, and go to state 15
    T_stringLiteral      shift, and go to state 16

    block            go to state 106
    stmt             go to state 81
    for_stmt         go to state 19
    while_stmt       go to state 20
    if_stmt          go to state 21
    Assignment_stmt  go to state 22
    expr             go to state 23


State 106

   17 elseif_else_empty: T_else T_if T_openParenthesis expr T_closedParanthesis block . elseif_else_empty

    T_else  shift, and go to state 85

    T_else    [reduce using rule 20 (elseif_else_empty)]
    $default  reduce using rule 20 (elseif_else_empty)

    elseif_else_empty  go to state 107


State 107

   17 elseif_else_empty: T_else T_if T_openParenthesis expr T_closedParanthesis block elseif_else_empty .

    $default  reduce using rule 17 (elseif_else_empty)
